<?xml version="1.0" ?>
<coverage version="7.8.0" timestamp="1748676881199" lines-valid="40" lines-covered="26" line-rate="0.65" branches-covered="0" branches-valid="0" branch-rate="0" complexity="0">
	<!-- Generated by coverage.py: https://coverage.readthedocs.io/en/7.8.0 -->
	<!-- Based on https://raw.githubusercontent.com/cobertura/web/master/htdocs/xml/coverage-04.dtd -->
	<sources>
		<source>/home/runner/work/cvxball/cvxball/src/cvx</source>
	</sources>
	<packages>
		<package name="ball" line-rate="0.65" branch-rate="0" complexity="0">
			<classes>
				<class name="__init__.py" filename="ball/__init__.py" complexity="0" line-rate="1" branch-rate="0">
					<methods/>
					<lines>
						<line number="1" hits="1"/>
						<line number="3" hits="1"/>
					</lines>
				</class>
				<class name="pi.py" filename="ball/pi.py" complexity="0" line-rate="0" branch-rate="0">
					<methods/>
					<lines>
						<line number="17" hits="0"/>
						<line number="18" hits="0"/>
						<line number="20" hits="0"/>
						<line number="22" hits="0"/>
						<line number="23" hits="0"/>
						<line number="24" hits="0"/>
						<line number="27" hits="0"/>
						<line number="30" hits="0"/>
						<line number="33" hits="0"/>
						<line number="34" hits="0"/>
						<line number="36" hits="0"/>
						<line number="42" hits="0"/>
						<line number="43" hits="0"/>
						<line number="45" hits="0"/>
					</lines>
				</class>
				<class name="server.py" filename="ball/server.py" complexity="0" line-rate="1" branch-rate="0">
					<methods/>
					<lines>
						<line number="8" hits="1"/>
						<line number="9" hits="1"/>
						<line number="11" hits="1"/>
						<line number="14" hits="1"/>
						<line number="26" hits="1"/>
						<line number="43" hits="1"/>
						<line number="44" hits="1"/>
						<line number="46" hits="1"/>
						<line number="48" hits="1"/>
						<line number="50" hits="1"/>
						<line number="53" hits="1"/>
						<line number="54" hits="1"/>
						<line number="57" hits="1"/>
					</lines>
				</class>
				<class name="solver.py" filename="ball/solver.py" complexity="0" line-rate="1" branch-rate="0">
					<methods/>
					<lines>
						<line number="1" hits="1"/>
						<line number="3" hits="1"/>
						<line number="4" hits="1"/>
						<line number="7" hits="1"/>
						<line number="33" hits="1"/>
						<line number="35" hits="1"/>
						<line number="36" hits="1"/>
						<line number="37" hits="1"/>
						<line number="45" hits="1"/>
						<line number="46" hits="1"/>
						<line number="48" hits="1"/>
					</lines>
				</class>
			</classes>
		</package>
	</packages>
</coverage>
