SF:src/cvx/ball/__init__.py
end_of_record
SF:src/cvx/ball/server.py
DA:1,1
DA:2,1
DA:4,1
DA:7,1
DA:8,1
DA:9,1
DA:10,1
DA:12,1
DA:14,1
DA:16,1
DA:19,1
DA:20,1
DA:23,1
LF:13
LH:13
FN:8,23,BallServer.f
FNDA:1,BallServer.f
FNF:1
FNH:1
end_of_record
SF:src/cvx/ball/solver.py
DA:1,1
DA:2,1
DA:3,1
DA:6,1
DA:7,1
DA:8,1
DA:9,1
DA:11,1
DA:12,1
DA:13,1
DA:14,1
DA:17,1
DA:19,1
DA:21,1
DA:22,1
DA:23,1
DA:31,1
DA:32,1
DA:35,1
LF:19
LH:19
FN:17,35,min_circle_cvx
FNDA:1,min_circle_cvx
FNF:1
FNH:1
end_of_record
