SF:src/cvx/ball/__init__.py
end_of_record
SF:src/cvx/ball/server.py
DA:1,1
DA:2,1
DA:3,1
DA:5,1
DA:8,1
DA:9,1
DA:10,1
DA:11,1
DA:13,1
DA:15,1
DA:17,1
DA:20,1
DA:21,1
DA:24,1
LF:14
LH:14
FN:9,24,BallServer.f
FNDA:1,BallServer.f
FNF:1
FNH:1
end_of_record
SF:src/cvx/ball/solver.py
DA:1,1
DA:2,1
DA:3,1
DA:5,1
DA:8,1
DA:9,1
DA:10,1
DA:11,1
DA:13,1
DA:14,1
DA:15,1
DA:16,1
DA:18,1
DA:19,1
DA:20,0
DA:23,1
DA:25,1
DA:27,1
DA:28,1
DA:29,1
DA:37,1
DA:38,1
DA:41,1
LF:23
LH:22
FN:19,20,ResultData.table
FNDA:0,ResultData.table
FN:23,41,min_circle_cvx
FNDA:1,min_circle_cvx
FNF:2
FNH:1
end_of_record
SF:src/cvx/ball/utils/__init__.py
end_of_record
SF:src/cvx/ball/utils/convert.py
DA:1,1
DA:3,1
DA:4,1
DA:7,1
DA:41,0
DA:42,0
DA:45,0
DA:47,0
DA:49,0
DA:52,1
DA:65,0
DA:66,0
DA:68,0
DA:69,0
DA:70,0
DA:72,0
LF:16
LH:5
FN:7,49,np_2_pa
FNDA:0,np_2_pa
FN:41,47,np_2_pa._f
FNDA:0,np_2_pa._f
FN:52,72,pa_2_np
FNDA:0,pa_2_np
FN:65,70,pa_2_np._f
FNDA:0,pa_2_np._f
FNF:4
FNH:0
end_of_record
